
setupLoggerAndReturn.py[setupLoggerAndReturn/19][INFO] at 2020-10-27 16:37:47,784:
	Starting create-sqlite-tables-v2.py.log.



create-sqlite-tables-v2.py[dropTables/27][INFO] at 2020-10-27 16:37:47,785:
	Existing tables DROPped if they existed.


create-sqlite-tables-v2.py[createWlfilename/88][INFO] at 2020-10-27 16:37:47,798:
	Verifying that len(batch.keys())=360: 360.
	CREATEd TABLE wlfilename.


create-sqlite-tables-v2.py[createFullcase/100][INFO] at 2020-10-27 16:37:47,801:
	CREATEd TABLE fullcase.


create-sqlite-tables-v2.py[createCaseheader/130][INFO] at 2020-10-27 16:37:47,802:
	CREATEd TABLE caseheader.


create-sqlite-tables-v2.py[createParty/149][INFO] at 2020-10-27 16:37:47,803:
	CREATEd TABLE party.


create-sqlite-tables-v2.py[createAttorney/176][INFO] at 2020-10-27 16:37:47,805:
	CREATEd TABLE party.


create-sqlite-tables-v2.py[createEntry/202][INFO] at 2020-10-27 16:37:47,807:
	CREATEd TABLE entry.


create-sqlite-tables-v2.py[createUnique_entry/227][INFO] at 2020-10-27 16:37:47,808:
	CREATEd TABLE unique_entry.


create-sqlite-tables-v2.py[<module>/251][INFO] at 2020-10-27 16:37:47,808:
	Finished.

